  Driller4.cpp
C:\Users\sandr\Visual studio workspace\Project4\Project4\Driller4.cpp(389,34): warning C4244:  'argument': conversion from '__int64' to 'unsigned long', possible loss of data
C:\Users\sandr\Visual studio workspace\Project4\Project4\Driller4.cpp(392,27): warning C4244:  'argument': conversion from '__int64' to 'unsigned long', possible loss of data
C:\Users\sandr\Visual studio workspace\Project4\Project4\Driller4.cpp(392,70): warning C4244:  'argument': conversion from '__int64' to 'unsigned long', possible loss of data
C:\Users\sandr\Visual studio workspace\Project4\Project4\Driller4.cpp(397,35): warning C4244:  'argument': conversion from '__int64' to 'unsigned long', possible loss of data
C:\Users\sandr\Visual studio workspace\Project4\Project4\Driller4.cpp(451,34): warning C4244:  'argument': conversion from '__int64' to 'unsigned long', possible loss of data
C:\Users\sandr\Visual studio workspace\Project4\Project4\Driller4.cpp(453,27): warning C4244:  'argument': conversion from '__int64' to 'unsigned long', possible loss of data
C:\Users\sandr\Visual studio workspace\Project4\Project4\Driller4.cpp(453,69): warning C4244:  'argument': conversion from '__int64' to 'unsigned long', possible loss of data
C:\Users\sandr\Visual studio workspace\Project4\Project4\Driller4.cpp(457,35): warning C4244:  'argument': conversion from '__int64' to 'unsigned long', possible loss of data
C:\Users\sandr\Visual studio workspace\Project4\Project4\Sorter.h(66,76): warning C4244:  'argument': conversion from '__int64' to 'unsigned long', possible loss of data
C:\Users\sandr\Visual studio workspace\Project4\Project4\Sorter.h(55): message :  while compiling class template member function 'void Sorter<DrillingRecord>::Quicksort(ResizableArray<DrillingRecord> &,__int64,__int64,const Comparator<DrillingRecord> &)'
C:\Users\sandr\Visual studio workspace\Project4\Project4\Sorter.h(25): message :  see reference to function template instantiation 'void Sorter<DrillingRecord>::Quicksort(ResizableArray<DrillingRecord> &,__int64,__int64,const Comparator<DrillingRecord> &)' being compiled
C:\Users\sandr\Visual studio workspace\Project4\Project4\Driller4.cpp(356): message :  see reference to class template instantiation 'Sorter<DrillingRecord>' being compiled
C:\Users\sandr\Visual studio workspace\Project4\Project4\Sorter.h(66,86): warning C4244:  'argument': conversion from '__int64' to 'unsigned long', possible loss of data
C:\Users\sandr\Visual studio workspace\Project4\Project4\Sorter.h(70,48): warning C4244:  'argument': conversion from '__int64' to 'unsigned long', possible loss of data
C:\Users\sandr\Visual studio workspace\Project4\Project4\Sorter.h(70,58): warning C4244:  'argument': conversion from '__int64' to 'unsigned long', possible loss of data
C:\Users\sandr\Visual studio workspace\Project4\Project4\Sorter.h(48,21): warning C4244:  'argument': conversion from '__int64' to 'unsigned long', possible loss of data
C:\Users\sandr\Visual studio workspace\Project4\Project4\Sorter.h(47): message :  while compiling class template member function 'void Sorter<DrillingRecord>::swap(ResizableArray<DrillingRecord> &,__int64,__int64)'
C:\Users\sandr\Visual studio workspace\Project4\Project4\Sorter.h(73): message :  see reference to function template instantiation 'void Sorter<DrillingRecord>::swap(ResizableArray<DrillingRecord> &,__int64,__int64)' being compiled
C:\Users\sandr\Visual studio workspace\Project4\Project4\Sorter.h(55): message :  while compiling class template member function 'void Sorter<DrillingRecord>::Quicksort(ResizableArray<DrillingRecord> &,__int64,__int64,const Comparator<DrillingRecord> &)'
C:\Users\sandr\Visual studio workspace\Project4\Project4\Sorter.h(25): message :  see reference to function template instantiation 'void Sorter<DrillingRecord>::Quicksort(ResizableArray<DrillingRecord> &,__int64,__int64,const Comparator<DrillingRecord> &)' being compiled
C:\Users\sandr\Visual studio workspace\Project4\Project4\Sorter.h(49,28): warning C4244:  'argument': conversion from '__int64' to 'unsigned long', possible loss of data
C:\Users\sandr\Visual studio workspace\Project4\Project4\Sorter.h(49,37): warning C4244:  'argument': conversion from '__int64' to 'unsigned long', possible loss of data
C:\Users\sandr\Visual studio workspace\Project4\Project4\Sorter.h(50,24): warning C4244:  'argument': conversion from '__int64' to 'unsigned long', possible loss of data
  Project4.vcxproj -> C:\Users\sandr\Visual studio workspace\Project4\x64\Debug\Project4.exe
